{
  "RSpec": {
    "coverage": {
      "/home/jonas/projects/matestack/basemate-ui-core/lib/matestack/ui/core.rb": [
        1,
        1,
        1,
        1,
        1,
        null,
        1,
        null,
        1,
        1,
        1,
        null,
        null,
        null,
        null
      ],
      "/home/jonas/projects/matestack/basemate-ui-core/lib/matestack/ui/core/engine.rb": [
        1,
        1,
        1,
        1,
        1,
        null,
        1,
        null,
        null,
        null,
        null,
        null,
        null,
        null,
        1,
        null,
        null,
        null,
        null
      ],
      "/home/jonas/projects/matestack/basemate-ui-core/app/concepts/button/cell/button.rb": [
        1,
        1,
        null,
        null,
        null
      ],
      "/home/jonas/projects/matestack/basemate-ui-core/app/concepts/component/cell/static.rb": [
        1,
        1,
        null,
        1,
        341,
        339,
        0,
        0,
        0,
        null,
        339,
        null,
        null,
        null,
        null,
        null
      ],
      "/home/jonas/projects/matestack/basemate-ui-core/app/concepts/component/cell/dynamic.rb": [
        1,
        1,
        1,
        1,
        1,
        1,
        1,
        1,
        1,
        1,
        1,
        1,
        1,
        1,
        1,
        1,
        1,
        1,
        1,
        1,
        null,
        1,
        1,
        1,
        1,
        1,
        null,
        null,
        1,
        1,
        1,
        null,
        1,
        1,
        null,
        1,
        409,
        409,
        409,
        409,
        409,
        409,
        409,
        409,
        409,
        409,
        409,
        409,
        409,
        409,
        409,
        408,
        408,
        407,
        null,
        null,
        1,
        408,
        70,
        145,
        null,
        null,
        407,
        null,
        null,
        1,
        384,
        null,
        null,
        1,
        315,
        null,
        null,
        1,
        336,
        10,
        null,
        336,
        22,
        22,
        20,
        null,
        2,
        0,
        null,
        2,
        null,
        null,
        null,
        314,
        252,
        null,
        62,
        17,
        null,
        45,
        null,
        null,
        null,
        null,
        null,
        1,
        177,
        null,
        null,
        1,
        318,
        0,
        null,
        318,
        0,
        0,
        null,
        318,
        177,
        null,
        null,
        null,
        null,
        1,
        515,
        null,
        null,
        1,
        5,
        5,
        5,
        null,
        null,
        1,
        5,
        null,
        null,
        1,
        22,
        null,
        22,
        22,
        null,
        null,
        null,
        1,
        2,
        null,
        null,
        1,
        1,
        null,
        null,
        1,
        1,
        null,
        null,
        1,
        0,
        null,
        null,
        1,
        0,
        0,
        0,
        0,
        null,
        0,
        0,
        null,
        null,
        0,
        null,
        null,
        null,
        1,
        null,
        1,
        409,
        null,
        null,
        201,
        275,
        null,
        null,
        null,
        null,
        1,
        409,
        409,
        409,
        2,
        null,
        409,
        409,
        314,
        314,
        null,
        95,
        95,
        null,
        409,
        null,
        null,
        1,
        null,
        408,
        null,
        null,
        408,
        0,
        null,
        null,
        408,
        null,
        null,
        1,
        null,
        64,
        null,
        null,
        null,
        null,
        null,
        64,
        64,
        null,
        null,
        null,
        null
      ],
      "/home/jonas/projects/matestack/basemate-ui-core/app/helpers/matestack/ui/core/application_helper.rb": [
        1,
        1,
        1,
        1,
        null,
        1,
        78,
        null,
        null,
        null,
        null,
        null,
        1,
        4,
        null,
        null,
        null,
        null,
        null,
        1,
        82,
        4,
        4,
        null,
        78,
        7,
        null,
        71,
        null,
        null,
        null,
        null,
        null,
        null,
        null
      ],
      "/home/jonas/projects/matestack/basemate-ui-core/app/concepts/shared/utils/to_cell.rb": [
        1,
        null,
        1,
        409,
        409,
        null,
        409,
        409,
        409,
        409,
        409,
        null,
        409,
        2,
        null,
        407,
        null,
        null,
        null,
        null,
        1,
        null,
        1,
        2,
        null,
        2,
        5,
        null,
        2,
        1,
        1,
        null,
        1,
        1,
        1,
        1,
        1,
        null,
        null,
        2,
        null,
        null,
        null,
        2,
        null,
        0,
        null,
        null,
        null,
        2,
        2,
        null,
        0,
        null,
        null,
        null,
        0,
        null,
        null,
        null,
        null,
        1,
        407,
        null,
        407,
        94,
        null,
        313,
        null,
        null,
        407,
        1628,
        407,
        null,
        null,
        null,
        407,
        null,
        null,
        0,
        null,
        0,
        null,
        null,
        null,
        null,
        407,
        null,
        2,
        null,
        null,
        null,
        null,
        1,
        0,
        null,
        0,
        0,
        0,
        null,
        0,
        0,
        0,
        null,
        0,
        0,
        0,
        0,
        0,
        null,
        null,
        0,
        null,
        null,
        null,
        0,
        null,
        0,
        null,
        0,
        null,
        0,
        null,
        null,
        null,
        null
      ],
      "/home/jonas/projects/matestack/basemate-ui-core/app/concepts/footer/cell/footer.rb": [
        1,
        1,
        null,
        null,
        null
      ],
      "/home/jonas/projects/matestack/basemate-ui-core/app/concepts/ul/cell/ul.rb": [
        1,
        1,
        null,
        null,
        null
      ],
      "/home/jonas/projects/matestack/basemate-ui-core/app/concepts/input/cell/input.rb": [
        1,
        1,
        null,
        null,
        null
      ],
      "/home/jonas/projects/matestack/basemate-ui-core/app/concepts/transition/cell/transition.rb": [
        1,
        1,
        null,
        1,
        5,
        5,
        null,
        null,
        null,
        null,
        null,
        null,
        1,
        15,
        15,
        null,
        0,
        0,
        null,
        null,
        null,
        1,
        null,
        15,
        null,
        0,
        null,
        null,
        null,
        null,
        null
      ],
      "/home/jonas/projects/matestack/basemate-ui-core/app/concepts/form/cell/form.rb": [
        1,
        1,
        null,
        1,
        null,
        1,
        null,
        26,
        26,
        26,
        26,
        26,
        3,
        2,
        null,
        null,
        26,
        26,
        2,
        1,
        null,
        null,
        26,
        null,
        0,
        null,
        null,
        null,
        1,
        null,
        26,
        26,
        null,
        0,
        null,
        null,
        0,
        null,
        null,
        null,
        1,
        null,
        3,
        3,
        null,
        null,
        null,
        null,
        0,
        null,
        null,
        0,
        null,
        null,
        null,
        1,
        26,
        null,
        18,
        null,
        0,
        null,
        null,
        8,
        8,
        null,
        null,
        null,
        null,
        null,
        null
      ],
      "/home/jonas/projects/matestack/basemate-ui-core/app/concepts/form/cell/inline.rb": [
        1,
        1,
        null,
        1,
        0,
        null,
        null,
        null,
        null
      ],
      "/home/jonas/projects/matestack/basemate-ui-core/app/concepts/form/cell/input.rb": [
        1,
        1,
        null,
        1,
        null,
        1,
        23,
        null,
        null,
        1,
        23,
        null,
        null,
        1,
        46,
        null,
        null,
        1,
        46,
        null,
        46,
        null,
        0,
        null,
        0,
        null,
        0,
        0,
        null,
        null,
        null,
        1,
        46,
        46,
        null,
        0,
        null,
        null,
        null,
        1,
        23,
        1,
        null,
        null,
        22,
        0,
        0,
        0,
        null,
        0,
        null,
        null,
        22,
        22,
        7,
        7,
        0,
        null,
        7,
        null,
        null,
        15,
        15,
        null,
        0,
        0,
        null,
        null,
        null,
        null,
        null,
        null,
        null,
        null
      ],
      "/home/jonas/projects/matestack/basemate-ui-core/app/concepts/form/cell/select.rb": [
        1,
        1,
        null,
        1,
        null,
        1,
        33,
        null,
        null,
        1,
        40,
        null,
        null,
        1,
        53,
        null,
        null,
        1,
        90,
        90,
        90,
        null,
        null,
        1,
        33,
        24,
        null,
        null,
        1,
        null,
        33,
        9,
        null,
        24,
        null,
        null,
        null,
        1,
        20,
        11,
        null,
        null,
        9,
        0,
        0,
        0,
        null,
        0,
        null,
        null,
        9,
        9,
        3,
        3,
        0,
        null,
        3,
        null,
        null,
        6,
        6,
        null,
        0,
        0,
        null,
        null,
        null,
        null,
        null,
        null,
        null,
        null,
        null
      ],
      "/home/jonas/projects/matestack/basemate-ui-core/app/concepts/form/cell/submit.rb": [
        1,
        1,
        null,
        1,
        26,
        null,
        null,
        null,
        null
      ],
      "/home/jonas/projects/matestack/basemate-ui-core/app/concepts/div/cell/div.rb": [
        1,
        1,
        null,
        null,
        null,
        null
      ],
      "/home/jonas/projects/matestack/basemate-ui-core/app/concepts/main/cell/main.rb": [
        1,
        1,
        null,
        null,
        null
      ],
      "/home/jonas/projects/matestack/basemate-ui-core/app/concepts/absolute/cell/absolute.rb": [
        1,
        1,
        null,
        1,
        0,
        0,
        0,
        0,
        0,
        0,
        0,
        null,
        null,
        null,
        null,
        null,
        null
      ],
      "/home/jonas/projects/matestack/basemate-ui-core/app/concepts/link/cell/link.rb": [
        1,
        1,
        null,
        1,
        null,
        1,
        0,
        null,
        null,
        null,
        null,
        null,
        null,
        1,
        0,
        0,
        null,
        0,
        0,
        null,
        null,
        null,
        null,
        null
      ],
      "/home/jonas/projects/matestack/basemate-ui-core/app/concepts/nav/cell/nav.rb": [
        1,
        1,
        null,
        null,
        null
      ],
      "/home/jonas/projects/matestack/basemate-ui-core/app/concepts/img/cell/img.rb": [
        1,
        1,
        null,
        null,
        null
      ],
      "/home/jonas/projects/matestack/basemate-ui-core/app/concepts/pg/cell/pg.rb": [
        1,
        1,
        null,
        null,
        null
      ],
      "/home/jonas/projects/matestack/basemate-ui-core/app/concepts/th/cell/th.rb": [
        1,
        1,
        null,
        null,
        null
      ],
      "/home/jonas/projects/matestack/basemate-ui-core/app/concepts/html/cell/html.rb": [
        1,
        null,
        1,
        1,
        null,
        1,
        null,
        1,
        null,
        1,
        0,
        0,
        null,
        null,
        null,
        null,
        null
      ],
      "/home/jonas/projects/matestack/basemate-ui-core/app/concepts/plain/cell/plain.rb": [
        1,
        1,
        null,
        1,
        66,
        null,
        null,
        null,
        null,
        null
      ],
      "/home/jonas/projects/matestack/basemate-ui-core/app/concepts/tr/cell/tr.rb": [
        1,
        1,
        null,
        null,
        null
      ],
      "/home/jonas/projects/matestack/basemate-ui-core/app/concepts/section/cell/section.rb": [
        1,
        1,
        null,
        null,
        null
      ],
      "/home/jonas/projects/matestack/basemate-ui-core/app/concepts/progress/cell/progress.rb": [
        1,
        1,
        null,
        null,
        null
      ],
      "/home/jonas/projects/matestack/basemate-ui-core/app/concepts/table/cell/table.rb": [
        1,
        1,
        null,
        null,
        null
      ],
      "/home/jonas/projects/matestack/basemate-ui-core/app/concepts/app/cell/app.rb": [
        1,
        1,
        1,
        1,
        1,
        1,
        1,
        1,
        1,
        1,
        1,
        1,
        1,
        1,
        1,
        1,
        1,
        1,
        1,
        1,
        null,
        1,
        1,
        1,
        1,
        1,
        1,
        1,
        1,
        null,
        null,
        1,
        null,
        1,
        6,
        6,
        6,
        6,
        6,
        6,
        null,
        null,
        1,
        6,
        null,
        null,
        1,
        6,
        null,
        null,
        1,
        6,
        6,
        6,
        6,
        6,
        null,
        null,
        1,
        6,
        null,
        null,
        1,
        6,
        null,
        6,
        18,
        null,
        null,
        null,
        1,
        0,
        null,
        null,
        null,
        null
      ],
      "/home/jonas/projects/matestack/basemate-ui-core/app/concepts/br/cell/br.rb": [
        1,
        1,
        null,
        null,
        null
      ],
      "/home/jonas/projects/matestack/basemate-ui-core/app/concepts/header/cell/header.rb": [
        1,
        1,
        null,
        null,
        null
      ],
      "/home/jonas/projects/matestack/basemate-ui-core/app/concepts/action/cell/action.rb": [
        1,
        1,
        null,
        1,
        8,
        8,
        8,
        8,
        5,
        2,
        null,
        null,
        8,
        8,
        2,
        1,
        null,
        null,
        8,
        8,
        null,
        null,
        null,
        1,
        null,
        16,
        16,
        null,
        0,
        null,
        null,
        0,
        null,
        null,
        null,
        1,
        null,
        3,
        3,
        null,
        null,
        null,
        null,
        0,
        null,
        null,
        0,
        null,
        null,
        null,
        null,
        null
      ],
      "/home/jonas/projects/matestack/basemate-ui-core/app/concepts/icon/cell/icon.rb": [
        1,
        1,
        null,
        null,
        null
      ],
      "/home/jonas/projects/matestack/basemate-ui-core/app/concepts/span/cell/span.rb": [
        1,
        1,
        null,
        null,
        null
      ],
      "/home/jonas/projects/matestack/basemate-ui-core/app/concepts/ol/cell/ol.rb": [
        1,
        1,
        null,
        null,
        null
      ],
      "/home/jonas/projects/matestack/basemate-ui-core/app/concepts/partial/cell/partial.rb": [
        1,
        1,
        null,
        null,
        null
      ],
      "/home/jonas/projects/matestack/basemate-ui-core/app/concepts/slot/cell/slot.rb": [
        1,
        1,
        1,
        null,
        null,
        null,
        null,
        null,
        null,
        null
      ],
      "/home/jonas/projects/matestack/basemate-ui-core/app/concepts/page/cell/content.rb": [
        1,
        1,
        null,
        null,
        null
      ],
      "/home/jonas/projects/matestack/basemate-ui-core/app/concepts/page/cell/page.rb": [
        1,
        1,
        null,
        1,
        1,
        1,
        1,
        null,
        1,
        null,
        1,
        82,
        82,
        82,
        82,
        82,
        82,
        821,
        83,
        null,
        null,
        null,
        null,
        1,
        24,
        null,
        null,
        1,
        82,
        null,
        null,
        1,
        72,
        90,
        null,
        null,
        null,
        1,
        10,
        null,
        null,
        null,
        1,
        null,
        5,
        null,
        null,
        null,
        1,
        82,
        82,
        null,
        82,
        82,
        82,
        82,
        82,
        null,
        82,
        null,
        null,
        72,
        null,
        null,
        71,
        null,
        6,
        null,
        4,
        4,
        1,
        0,
        null,
        1,
        1,
        1,
        null,
        3,
        3,
        3,
        null,
        null,
        null,
        null,
        null,
        1,
        0,
        null,
        null,
        1,
        null,
        1,
        190,
        82,
        null,
        null,
        1,
        82,
        82,
        82,
        69,
        69,
        null,
        null,
        13,
        null,
        13,
        13,
        13,
        null,
        0,
        0,
        0,
        0,
        null,
        0,
        null,
        null,
        null,
        0,
        null,
        null,
        null,
        null,
        null,
        null,
        null
      ],
      "/home/jonas/projects/matestack/basemate-ui-core/app/concepts/li/cell/li.rb": [
        1,
        1,
        null,
        null,
        null
      ],
      "/home/jonas/projects/matestack/basemate-ui-core/app/concepts/label/cell/label.rb": [
        1,
        1,
        null,
        null,
        null
      ],
      "/home/jonas/projects/matestack/basemate-ui-core/app/concepts/heading/cell/heading.rb": [
        1,
        1,
        null,
        null,
        null
      ],
      "/home/jonas/projects/matestack/basemate-ui-core/app/concepts/async/cell/async.rb": [
        1,
        1,
        null,
        1,
        21,
        null,
        null,
        null,
        null,
        null
      ],
      "/home/jonas/projects/matestack/basemate-ui-core/app/concepts/onclick/cell/onclick.rb": [
        1,
        1,
        null,
        null,
        null,
        null
      ],
      "/home/jonas/projects/matestack/basemate-ui-core/app/concepts/td/cell/td.rb": [
        1,
        1,
        null,
        null,
        null
      ],
      "/home/jonas/projects/matestack/basemate-ui-core/app/concepts/app/utils/app_node.rb": [
        1,
        1,
        null,
        1,
        22,
        22,
        22,
        null,
        null,
        1,
        null,
        1,
        22,
        22,
        22,
        22,
        154,
        null,
        null,
        null,
        1,
        null,
        37,
        null,
        37,
        37,
        37,
        37,
        37,
        37,
        37,
        null,
        37,
        6,
        31,
        0,
        null,
        31,
        18,
        null,
        13,
        null,
        null,
        31,
        16,
        null,
        null,
        null,
        null,
        null,
        null,
        null,
        null
      ],
      "/home/jonas/projects/matestack/basemate-ui-core/app/concepts/component/utils/component_node.rb": [
        1,
        1,
        null,
        1,
        48,
        48,
        48,
        null,
        null,
        1,
        null,
        1,
        48,
        48,
        48,
        48,
        48,
        792,
        null,
        null,
        null,
        1,
        null,
        63,
        null,
        60,
        60,
        60,
        60,
        60,
        60,
        60,
        60,
        null,
        60,
        2,
        58,
        1,
        1,
        null,
        57,
        30,
        null,
        27,
        null,
        null,
        57,
        0,
        null,
        57,
        0,
        null,
        57,
        null,
        null,
        null,
        57,
        23,
        34,
        null,
        6,
        null,
        null,
        null,
        null,
        null,
        null,
        null,
        null
      ],
      "/home/jonas/projects/matestack/basemate-ui-core/app/concepts/page/utils/page_node.rb": [
        1,
        1,
        null,
        1,
        236,
        236,
        236,
        null,
        null,
        1,
        null,
        1,
        236,
        236,
        236,
        236,
        236,
        1832,
        null,
        null,
        null,
        1,
        null,
        355,
        null,
        314,
        314,
        314,
        314,
        314,
        314,
        314,
        314,
        null,
        314,
        26,
        null,
        288,
        95,
        null,
        193,
        null,
        null,
        null,
        314,
        10,
        10,
        null,
        null,
        null,
        304,
        210,
        null,
        94,
        null,
        null,
        304,
        139,
        null,
        null,
        null,
        null,
        null,
        null,
        null,
        null
      ],
      "/home/jonas/projects/matestack/basemate-ui-core/app/controllers/basemate/ui/core/docs_controller.rb": [
        0,
        0,
        0,
        0,
        0,
        null,
        null,
        null,
        null,
        null,
        null,
        null,
        null,
        0,
        0,
        0,
        0
      ],
      "/home/jonas/projects/matestack/basemate-ui-core/app/controllers/basemate/ui/core/application_controller.rb": [
        0,
        0,
        0,
        0,
        0,
        0,
        0,
        0,
        0
      ],
      "/home/jonas/projects/matestack/basemate-ui-core/app/concepts/view/cell/view.rb": [
        0,
        0,
        null,
        null,
        0,
        0,
        null
      ],
      "/home/jonas/projects/matestack/basemate-ui-core/lib/matestack/ui/core/version.rb": [
        0,
        0,
        0,
        0,
        0,
        0,
        0
      ]
    },
    "timestamp": 1556303274
  }
}
