{
  "RSpec": {
    "coverage": {
      "/home/jonas/projects/matestack/matestack-ui-core/lib/matestack/ui/core.rb": [
        1,
        1,
        1,
        1,
        1,
        null,
        1,
        null,
        1,
        1,
        1,
        null,
        null,
        null,
        null
      ],
      "/home/jonas/projects/matestack/matestack-ui-core/lib/matestack/ui/core/engine.rb": [
        1,
        1,
        1,
        1,
        1,
        null,
        1,
        null,
        null,
        null,
        null,
        null,
        null,
        null,
        1,
        null,
        null,
        null,
        null
      ],
      "/home/jonas/projects/matestack/matestack-ui-core/app/concepts/matestack/ui/core/article/article.rb": [
        1,
        1,
        null,
        null,
        null
      ],
      "/home/jonas/projects/matestack/matestack-ui-core/app/concepts/matestack/ui/core/component/static.rb": [
        1,
        1,
        null,
        1,
        13,
        13,
        0,
        0,
        0,
        null,
        13,
        null,
        null,
        null,
        null,
        null
      ],
      "/home/jonas/projects/matestack/matestack-ui-core/app/concepts/matestack/ui/core/component/dynamic.rb": [
        1,
        1,
        null,
        1,
        1,
        1,
        1,
        1,
        1,
        1,
        1,
        1,
        1,
        1,
        1,
        1,
        1,
        1,
        1,
        1,
        1,
        null,
        1,
        1,
        1,
        1,
        1,
        1,
        1,
        1,
        null,
        1,
        1,
        null,
        1,
        null,
        1,
        53,
        53,
        783,
        null,
        783,
        159,
        null,
        624,
        null,
        null,
        null,
        null,
        53,
        null,
        null,
        1,
        10,
        null,
        null,
        1,
        19,
        19,
        19,
        19,
        19,
        19,
        19,
        19,
        19,
        19,
        19,
        19,
        19,
        19,
        19,
        19,
        19,
        19,
        19,
        null,
        null,
        1,
        19,
        2,
        2,
        null,
        null,
        19,
        null,
        null,
        1,
        19,
        null,
        null,
        1,
        6,
        null,
        null,
        1,
        18,
        0,
        null,
        18,
        0,
        0,
        0,
        null,
        0,
        0,
        null,
        0,
        null,
        null,
        null,
        18,
        12,
        null,
        6,
        0,
        null,
        6,
        null,
        null,
        null,
        null,
        null,
        1,
        8,
        null,
        null,
        1,
        18,
        0,
        null,
        18,
        0,
        0,
        null,
        null,
        18,
        8,
        null,
        null,
        null,
        null,
        1,
        25,
        null,
        null,
        1,
        0,
        0,
        0,
        null,
        null,
        1,
        0,
        null,
        null,
        1,
        0,
        null,
        0,
        0,
        null,
        null,
        null,
        1,
        0,
        null,
        null,
        1,
        0,
        null,
        null,
        1,
        0,
        null,
        null,
        1,
        0,
        null,
        null,
        1,
        0,
        0,
        0,
        0,
        null,
        0,
        0,
        null,
        null,
        0,
        null,
        null,
        1,
        null,
        1,
        19,
        null,
        null,
        9,
        10,
        null,
        null,
        null,
        null,
        1,
        19,
        19,
        19,
        0,
        null,
        19,
        19,
        0,
        0,
        0,
        0,
        null,
        0,
        0,
        null,
        null,
        19,
        18,
        null,
        1,
        null,
        null,
        null,
        0,
        0,
        null,
        19,
        null,
        null,
        1,
        null,
        19,
        null,
        null,
        19,
        0,
        null,
        null,
        19,
        null,
        null,
        1,
        null,
        6,
        null,
        null,
        null,
        null,
        null,
        6,
        6,
        null,
        null,
        null,
        null
      ],
      "/home/jonas/projects/matestack/matestack-ui-core/app/helpers/matestack/ui/core/application_helper.rb": [
        1,
        1,
        1,
        1,
        null,
        1,
        8,
        null,
        null,
        null,
        null,
        null,
        1,
        0,
        null,
        null,
        null,
        null,
        null,
        1,
        8,
        0,
        0,
        null,
        8,
        0,
        null,
        8,
        null,
        null,
        null,
        null,
        null,
        null,
        null
      ],
      "/home/jonas/projects/matestack/matestack-ui-core/app/lib/matestack/ui/core/to_cell.rb": [
        1,
        null,
        1,
        null,
        19,
        19,
        null,
        19,
        19,
        19,
        19,
        19,
        19,
        null,
        19,
        0,
        null,
        19,
        null,
        null,
        null,
        null,
        1,
        null,
        1,
        0,
        null,
        0,
        0,
        null,
        0,
        0,
        0,
        null,
        0,
        0,
        null,
        null,
        0,
        null,
        null,
        null,
        0,
        null,
        0,
        null,
        null,
        null,
        0,
        0,
        null,
        0,
        null,
        null,
        null,
        0,
        null,
        null,
        null,
        null,
        1,
        19,
        null,
        19,
        18,
        null,
        null,
        19,
        57,
        19,
        null,
        19,
        null,
        null,
        19,
        19,
        0,
        0,
        null,
        null,
        null,
        0,
        null,
        0,
        null,
        null,
        null,
        null,
        19,
        null,
        0,
        null,
        null,
        null,
        null,
        1,
        0,
        null,
        0,
        0,
        0,
        null,
        0,
        0,
        0,
        null,
        0,
        0,
        null,
        null,
        0,
        null,
        null,
        null,
        0,
        0,
        0,
        0,
        null,
        null,
        0,
        null,
        0,
        null,
        0,
        null,
        null,
        null,
        null
      ],
      "/home/jonas/projects/matestack/matestack-ui-core/app/concepts/matestack/ui/core/pre/pre.rb": [
        1,
        1,
        null,
        null,
        null
      ],
      "/home/jonas/projects/matestack/matestack-ui-core/app/concepts/matestack/ui/core/blockquote/blockquote.rb": [
        1,
        1,
        null,
        1,
        0,
        null,
        null,
        null,
        null,
        null,
        null
      ],
      "/home/jonas/projects/matestack/matestack-ui-core/app/concepts/matestack/ui/core/youtube/youtube.rb": [
        1,
        1,
        null,
        1,
        null,
        1,
        0,
        0,
        0,
        0,
        0,
        0,
        0,
        null,
        0,
        null,
        null,
        null,
        null,
        null,
        null,
        null,
        null,
        null,
        null,
        null
      ],
      "/home/jonas/projects/matestack/matestack-ui-core/app/concepts/matestack/ui/core/caption/caption.rb": [
        1,
        1,
        null,
        null,
        null
      ],
      "/home/jonas/projects/matestack/matestack-ui-core/app/concepts/matestack/ui/core/rp/rp.rb": [
        1,
        1,
        null,
        null,
        null
      ],
      "/home/jonas/projects/matestack/matestack-ui-core/app/concepts/matestack/ui/core/button/button.rb": [
        1,
        1,
        null,
        1,
        5,
        null,
        null,
        null,
        null,
        null,
        null
      ],
      "/home/jonas/projects/matestack/matestack-ui-core/app/concepts/matestack/ui/core/code/code.rb": [
        1,
        1,
        null,
        null,
        null
      ],
      "/home/jonas/projects/matestack/matestack-ui-core/app/concepts/matestack/ui/core/footer/footer.rb": [
        1,
        1,
        null,
        null,
        null
      ],
      "/home/jonas/projects/matestack/matestack-ui-core/app/concepts/matestack/ui/core/thead/thead.rb": [
        1,
        1,
        null,
        null,
        null
      ],
      "/home/jonas/projects/matestack/matestack-ui-core/app/concepts/matestack/ui/core/ul/ul.rb": [
        1,
        1,
        null,
        null,
        null
      ],
      "/home/jonas/projects/matestack/matestack-ui-core/app/concepts/matestack/ui/core/address/address.rb": [
        1,
        1,
        null,
        null,
        null
      ],
      "/home/jonas/projects/matestack/matestack-ui-core/app/concepts/matestack/ui/core/input/input.rb": [
        1,
        1,
        null,
        null,
        null
      ],
      "/home/jonas/projects/matestack/matestack-ui-core/app/concepts/matestack/ui/core/cite/cite.rb": [
        1,
        1,
        null,
        null,
        null
      ],
      "/home/jonas/projects/matestack/matestack-ui-core/app/concepts/matestack/ui/core/transition/transition.rb": [
        1,
        1,
        null,
        1,
        0,
        0,
        null,
        null,
        null,
        null,
        null,
        null,
        1,
        0,
        0,
        null,
        0,
        0,
        null,
        null,
        null,
        1,
        null,
        0,
        null,
        0,
        null,
        null,
        null,
        null,
        null
      ],
      "/home/jonas/projects/matestack/matestack-ui-core/app/concepts/matestack/ui/core/form/form.rb": [
        1,
        1,
        null,
        1,
        null,
        1,
        null,
        0,
        0,
        0,
        0,
        0,
        0,
        0,
        null,
        null,
        0,
        0,
        0,
        0,
        null,
        null,
        0,
        null,
        0,
        null,
        null,
        null,
        1,
        null,
        0,
        0,
        null,
        0,
        null,
        null,
        0,
        null,
        null,
        null,
        1,
        null,
        0,
        0,
        null,
        null,
        null,
        null,
        0,
        null,
        null,
        0,
        null,
        null,
        null,
        1,
        0,
        null,
        0,
        null,
        0,
        null,
        null,
        0,
        0,
        null,
        null,
        null,
        null,
        null,
        null
      ],
      "/home/jonas/projects/matestack/matestack-ui-core/app/concepts/matestack/ui/core/abbr/abbr.rb": [
        1,
        1,
        1,
        null,
        1,
        2,
        null,
        null,
        null,
        null,
        null,
        null
      ],
      "/home/jonas/projects/matestack/matestack-ui-core/app/concepts/matestack/ui/core/div/div.rb": [
        1,
        1,
        null,
        null,
        null
      ],
      "/home/jonas/projects/matestack/matestack-ui-core/app/concepts/matestack/ui/core/summary/summary.rb": [
        1,
        1,
        null,
        null,
        null
      ],
      "/home/jonas/projects/matestack/matestack-ui-core/app/concepts/matestack/ui/core/var/var.rb": [
        1,
        1,
        null,
        null
      ],
      "/home/jonas/projects/matestack/matestack-ui-core/app/concepts/matestack/ui/core/em/em.rb": [
        1,
        1,
        null,
        null,
        null
      ],
      "/home/jonas/projects/matestack/matestack-ui-core/app/concepts/matestack/ui/core/main/main.rb": [
        1,
        1,
        null,
        null,
        null
      ],
      "/home/jonas/projects/matestack/matestack-ui-core/app/concepts/matestack/ui/core/strong/strong.rb": [
        1,
        1,
        null,
        null,
        null
      ],
      "/home/jonas/projects/matestack/matestack-ui-core/app/concepts/matestack/ui/core/paragraph/paragraph.rb": [
        1,
        1,
        null,
        null,
        null
      ],
      "/home/jonas/projects/matestack/matestack-ui-core/app/concepts/matestack/ui/core/dd/dd.rb": [
        1,
        1,
        null,
        null,
        null
      ],
      "/home/jonas/projects/matestack/matestack-ui-core/app/concepts/matestack/ui/core/b/b.rb": [
        1,
        1,
        null,
        null,
        null
      ],
      "/home/jonas/projects/matestack/matestack-ui-core/app/concepts/matestack/ui/core/absolute/absolute.rb": [
        1,
        1,
        null,
        1,
        1,
        1,
        1,
        1,
        1,
        1,
        1,
        null,
        null,
        null,
        null,
        null,
        null
      ],
      "/home/jonas/projects/matestack/matestack-ui-core/app/concepts/matestack/ui/core/link/link.rb": [
        1,
        1,
        null,
        1,
        null,
        1,
        0,
        null,
        null,
        null,
        null,
        null,
        null,
        null,
        null,
        1,
        0,
        0,
        null,
        0,
        0,
        null,
        null,
        null,
        null,
        null
      ],
      "/home/jonas/projects/matestack/matestack-ui-core/app/concepts/matestack/ui/core/nav/nav.rb": [
        1,
        1,
        null,
        null,
        null
      ],
      "/home/jonas/projects/matestack/matestack-ui-core/app/concepts/matestack/ui/core/sub/sub.rb": [
        1,
        1,
        null,
        null,
        null
      ],
      "/home/jonas/projects/matestack/matestack-ui-core/app/concepts/matestack/ui/core/img/img.rb": [
        1,
        1,
        null,
        1,
        0,
        null,
        null,
        null,
        null,
        null,
        null,
        null,
        null,
        null
      ],
      "/home/jonas/projects/matestack/matestack-ui-core/app/concepts/matestack/ui/core/pg/pg.rb": [
        1,
        1,
        null,
        null,
        null
      ],
      "/home/jonas/projects/matestack/matestack-ui-core/app/concepts/matestack/ui/core/dl/dl.rb": [
        1,
        1,
        null,
        null,
        null
      ],
      "/home/jonas/projects/matestack/matestack-ui-core/app/concepts/matestack/ui/core/th/th.rb": [
        1,
        1,
        null,
        null,
        null
      ],
      "/home/jonas/projects/matestack/matestack-ui-core/app/concepts/matestack/ui/core/q/q.rb": [
        1,
        1,
        null,
        1,
        0,
        null,
        null,
        null,
        null,
        null,
        null
      ],
      "/home/jonas/projects/matestack/matestack-ui-core/app/concepts/matestack/ui/core/html/html.rb": [
        1,
        null,
        1,
        1,
        null,
        1,
        null,
        1,
        null,
        1,
        0,
        0,
        null,
        null,
        null,
        null,
        null
      ],
      "/home/jonas/projects/matestack/matestack-ui-core/app/concepts/matestack/ui/core/dt/dt.rb": [
        1,
        1,
        null,
        null,
        null
      ],
      "/home/jonas/projects/matestack/matestack-ui-core/app/concepts/matestack/ui/core/plain/plain.rb": [
        1,
        1,
        null,
        1,
        1,
        null,
        null,
        null,
        null
      ],
      "/home/jonas/projects/matestack/matestack-ui-core/app/concepts/matestack/ui/core/tr/tr.rb": [
        1,
        1,
        null,
        null,
        null
      ],
      "/home/jonas/projects/matestack/matestack-ui-core/app/concepts/matestack/ui/core/section/section.rb": [
        1,
        1,
        null,
        null,
        null
      ],
      "/home/jonas/projects/matestack/matestack-ui-core/app/concepts/matestack/ui/core/time/time.rb": [
        1,
        1,
        null,
        1,
        0,
        null,
        null,
        null,
        null,
        null,
        null
      ],
      "/home/jonas/projects/matestack/matestack-ui-core/app/concepts/matestack/ui/core/kbd/kbd.rb": [
        1,
        1,
        null,
        null
      ],
      "/home/jonas/projects/matestack/matestack-ui-core/app/concepts/matestack/ui/core/progress/progress.rb": [
        1,
        1,
        null,
        1,
        null,
        1,
        0,
        null,
        null,
        null,
        null,
        null,
        null,
        null
      ],
      "/home/jonas/projects/matestack/matestack-ui-core/app/concepts/matestack/ui/core/fieldset/fieldset.rb": [
        1,
        1,
        1,
        0,
        null,
        null,
        null,
        null,
        null
      ],
      "/home/jonas/projects/matestack/matestack-ui-core/app/concepts/matestack/ui/core/s/s.rb": [
        1,
        1,
        null,
        null,
        null,
        null
      ],
      "/home/jonas/projects/matestack/matestack-ui-core/app/concepts/matestack/ui/core/table/table.rb": [
        1,
        1,
        null,
        null,
        null
      ],
      "/home/jonas/projects/matestack/matestack-ui-core/app/concepts/matestack/ui/core/sup/sup.rb": [
        1,
        1,
        null,
        null,
        null
      ],
      "/home/jonas/projects/matestack/matestack-ui-core/app/concepts/matestack/ui/core/small/small.rb": [
        1,
        1,
        null,
        null,
        null
      ],
      "/home/jonas/projects/matestack/matestack-ui-core/app/concepts/matestack/ui/core/noscript/noscript.rb": [
        1,
        1,
        null,
        null,
        null
      ],
      "/home/jonas/projects/matestack/matestack-ui-core/app/concepts/matestack/ui/core/app/app.rb": [
        1,
        1,
        1,
        1,
        1,
        1,
        1,
        1,
        1,
        1,
        1,
        1,
        1,
        1,
        1,
        1,
        1,
        1,
        1,
        1,
        null,
        1,
        1,
        1,
        1,
        1,
        1,
        1,
        1,
        null,
        null,
        1,
        null,
        1,
        null,
        1,
        2,
        2,
        6,
        null,
        6,
        2,
        null,
        4,
        null,
        null,
        null,
        null,
        2,
        null,
        null,
        1,
        2,
        null,
        null,
        1,
        1,
        1,
        1,
        1,
        1,
        1,
        null,
        null,
        1,
        1,
        null,
        null,
        1,
        1,
        null,
        null,
        1,
        1,
        1,
        1,
        1,
        1,
        null,
        null,
        1,
        1,
        null,
        null,
        1,
        1,
        null,
        1,
        2,
        null,
        null,
        null,
        1,
        0,
        null,
        null,
        null,
        null
      ],
      "/home/jonas/projects/matestack/matestack-ui-core/app/concepts/matestack/ui/core/hr/hr.rb": [
        1,
        1,
        null,
        null,
        null
      ],
      "/home/jonas/projects/matestack/matestack-ui-core/app/concepts/matestack/ui/core/video/video.rb": [
        1,
        1,
        null,
        1,
        null,
        null,
        null
      ],
      "/home/jonas/projects/matestack/matestack-ui-core/app/concepts/matestack/ui/core/br/br.rb": [
        1,
        1,
        null,
        null,
        null
      ],
      "/home/jonas/projects/matestack/matestack-ui-core/app/concepts/matestack/ui/core/aside/aside.rb": [
        1,
        1,
        null,
        null,
        null
      ],
      "/home/jonas/projects/matestack/matestack-ui-core/app/concepts/matestack/ui/core/header/header.rb": [
        1,
        1,
        null,
        null,
        null
      ],
      "/home/jonas/projects/matestack/matestack-ui-core/app/concepts/matestack/ui/core/action/action.rb": [
        1,
        1,
        null,
        1,
        5,
        5,
        5,
        5,
        1,
        1,
        null,
        null,
        5,
        5,
        0,
        0,
        null,
        null,
        5,
        5,
        null,
        null,
        null,
        1,
        null,
        10,
        6,
        null,
        4,
        null,
        null,
        0,
        null,
        null,
        null,
        1,
        null,
        1,
        0,
        null,
        null,
        null,
        null,
        1,
        null,
        null,
        0,
        null,
        null,
        null,
        null,
        null
      ],
      "/home/jonas/projects/matestack/matestack-ui-core/app/concepts/matestack/ui/core/icon/icon.rb": [
        1,
        1,
        null,
        null,
        null
      ],
      "/home/jonas/projects/matestack/matestack-ui-core/app/concepts/matestack/ui/core/rt/rt.rb": [
        1,
        1,
        null,
        null,
        null
      ],
      "/home/jonas/projects/matestack/matestack-ui-core/app/concepts/matestack/ui/core/span/span.rb": [
        1,
        1,
        null,
        null,
        null
      ],
      "/home/jonas/projects/matestack/matestack-ui-core/app/concepts/matestack/ui/core/ol/ol.rb": [
        1,
        1,
        null,
        null,
        null
      ],
      "/home/jonas/projects/matestack/matestack-ui-core/app/concepts/matestack/ui/core/partial/partial.rb": [
        1,
        1,
        null,
        null,
        null
      ],
      "/home/jonas/projects/matestack/matestack-ui-core/app/concepts/matestack/ui/core/slot/slot.rb": [
        1,
        1,
        null,
        null,
        null
      ],
      "/home/jonas/projects/matestack/matestack-ui-core/app/concepts/matestack/ui/core/legend/legend.rb": [
        1,
        1,
        null,
        null,
        null
      ],
      "/home/jonas/projects/matestack/matestack-ui-core/app/concepts/matestack/ui/core/page/content.rb": [
        1,
        1,
        null,
        null,
        null
      ],
      "/home/jonas/projects/matestack/matestack-ui-core/app/concepts/matestack/ui/core/page/page.rb": [
        1,
        1,
        null,
        1,
        1,
        1,
        1,
        null,
        1,
        null,
        1,
        null,
        1,
        8,
        8,
        44,
        null,
        44,
        2,
        null,
        42,
        null,
        null,
        null,
        null,
        8,
        null,
        null,
        1,
        2,
        null,
        null,
        1,
        8,
        8,
        8,
        8,
        8,
        8,
        80,
        8,
        null,
        null,
        null,
        null,
        1,
        8,
        null,
        null,
        1,
        8,
        null,
        null,
        1,
        7,
        7,
        null,
        null,
        null,
        1,
        0,
        null,
        null,
        1,
        0,
        null,
        null,
        1,
        0,
        null,
        null,
        null,
        1,
        8,
        8,
        null,
        8,
        null,
        8,
        8,
        8,
        8,
        8,
        null,
        8,
        null,
        null,
        7,
        7,
        null,
        1,
        null,
        null,
        0,
        0,
        0,
        0,
        0,
        null,
        0,
        0,
        0,
        null,
        0,
        0,
        0,
        null,
        null,
        0,
        null,
        null,
        null,
        null,
        null,
        1,
        0,
        null,
        null,
        1,
        null,
        1,
        0,
        0,
        0,
        0,
        0,
        0,
        0,
        0,
        0,
        null,
        0,
        null,
        0,
        null,
        null,
        0,
        0,
        0,
        null,
        null,
        1,
        18,
        8,
        null,
        null,
        1,
        8,
        8,
        8,
        7,
        7,
        null,
        null,
        1,
        null,
        1,
        1,
        1,
        null,
        0,
        0,
        0,
        0,
        null,
        0,
        null,
        null,
        null,
        0,
        null,
        null,
        null,
        null,
        null
      ],
      "/home/jonas/projects/matestack/matestack-ui-core/app/concepts/matestack/ui/core/li/li.rb": [
        1,
        1,
        null,
        null,
        null
      ],
      "/home/jonas/projects/matestack/matestack-ui-core/app/concepts/matestack/ui/core/label/label.rb": [
        1,
        1,
        null,
        null,
        null
      ],
      "/home/jonas/projects/matestack/matestack-ui-core/app/concepts/matestack/ui/core/details/details.rb": [
        1,
        1,
        null,
        null,
        null
      ],
      "/home/jonas/projects/matestack/matestack-ui-core/app/concepts/matestack/ui/core/tfoot/tfoot.rb": [
        1,
        1,
        null,
        null,
        null
      ],
      "/home/jonas/projects/matestack/matestack-ui-core/app/concepts/matestack/ui/core/isolate/isolate.rb": [
        1,
        1,
        null,
        1,
        0,
        0,
        0,
        null,
        null,
        null,
        null
      ],
      "/home/jonas/projects/matestack/matestack-ui-core/app/concepts/matestack/ui/core/heading/heading.rb": [
        1,
        1,
        null,
        null,
        null
      ],
      "/home/jonas/projects/matestack/matestack-ui-core/app/concepts/matestack/ui/core/async/async.rb": [
        1,
        1,
        null,
        1,
        0,
        0,
        null,
        null,
        null,
        null,
        null,
        null
      ],
      "/home/jonas/projects/matestack/matestack-ui-core/app/concepts/matestack/ui/core/collection/helper.rb": [
        1,
        null,
        1,
        null,
        1,
        0,
        0,
        0,
        null,
        0,
        null,
        null,
        1,
        0,
        null,
        null,
        1,
        0,
        null,
        null,
        1,
        0,
        0,
        0,
        0,
        null,
        0,
        null,
        0,
        0,
        0,
        null,
        null,
        1,
        0,
        0,
        null,
        null,
        1,
        0,
        0,
        0,
        0,
        null,
        0,
        null,
        null,
        0,
        0,
        null,
        0,
        null,
        null,
        null,
        null,
        1,
        0,
        null,
        null,
        null,
        null,
        1,
        null,
        1,
        0,
        0,
        0,
        0,
        0,
        null,
        null,
        0,
        0,
        null,
        0,
        null,
        null,
        null,
        1,
        0,
        0,
        0,
        0,
        0,
        null,
        null,
        0,
        0,
        null,
        0,
        null,
        null,
        null,
        1,
        0,
        null,
        0,
        null,
        null,
        null,
        null,
        null,
        null,
        null,
        null,
        null,
        0,
        null,
        0,
        null,
        null,
        null,
        null
      ],
      "/home/jonas/projects/matestack/matestack-ui-core/app/concepts/matestack/ui/core/mark/mark.rb": [
        1,
        1,
        null,
        null
      ],
      "/home/jonas/projects/matestack/matestack-ui-core/app/concepts/matestack/ui/core/tbody/tbody.rb": [
        1,
        1,
        null,
        null,
        null
      ],
      "/home/jonas/projects/matestack/matestack-ui-core/app/concepts/matestack/ui/core/ruby/ruby.rb": [
        1,
        1,
        null,
        null,
        null
      ],
      "/home/jonas/projects/matestack/matestack-ui-core/app/concepts/matestack/ui/core/onclick/onclick.rb": [
        1,
        1,
        null,
        null,
        null
      ],
      "/home/jonas/projects/matestack/matestack-ui-core/app/concepts/matestack/ui/core/td/td.rb": [
        1,
        1,
        null,
        null,
        null
      ],
      "/home/jonas/projects/matestack/matestack-ui-core/app/concepts/matestack/ui/core/form/input/input.rb": [
        1,
        1,
        null,
        1,
        null,
        1,
        0,
        null,
        null,
        1,
        0,
        null,
        null,
        1,
        0,
        null,
        null,
        1,
        0,
        null,
        0,
        null,
        0,
        null,
        0,
        null,
        0,
        0,
        null,
        null,
        null,
        1,
        0,
        0,
        null,
        0,
        null,
        null,
        null,
        1,
        0,
        0,
        null,
        null,
        0,
        0,
        0,
        0,
        null,
        0,
        null,
        null,
        0,
        0,
        0,
        0,
        0,
        null,
        0,
        null,
        null,
        0,
        0,
        null,
        0,
        0,
        null,
        null,
        null,
        null,
        null,
        null,
        null,
        null
      ],
      "/home/jonas/projects/matestack/matestack-ui-core/app/concepts/matestack/ui/core/form/inline/inline.rb": [
        1,
        1,
        null,
        1,
        0,
        null,
        null,
        null,
        null
      ],
      "/home/jonas/projects/matestack/matestack-ui-core/app/concepts/matestack/ui/core/form/select/select.rb": [
        1,
        1,
        null,
        1,
        null,
        1,
        0,
        null,
        null,
        1,
        0,
        null,
        null,
        1,
        0,
        null,
        null,
        1,
        0,
        0,
        0,
        null,
        null,
        1,
        0,
        0,
        null,
        null,
        1,
        null,
        0,
        0,
        null,
        0,
        null,
        null,
        null,
        1,
        0,
        0,
        null,
        null,
        0,
        0,
        0,
        0,
        null,
        0,
        null,
        null,
        0,
        0,
        0,
        0,
        0,
        null,
        0,
        null,
        null,
        0,
        0,
        null,
        0,
        0,
        null,
        null,
        null,
        null,
        null,
        null,
        null,
        null,
        null
      ],
      "/home/jonas/projects/matestack/matestack-ui-core/app/concepts/matestack/ui/core/form/submit/submit.rb": [
        1,
        1,
        null,
        1,
        0,
        null,
        null,
        null,
        null
      ],
      "/home/jonas/projects/matestack/matestack-ui-core/app/concepts/matestack/ui/core/collection/order/order.rb": [
        1,
        1,
        null,
        1,
        0,
        null,
        null,
        1,
        0,
        0,
        0,
        null,
        null,
        null,
        null,
        null,
        null
      ],
      "/home/jonas/projects/matestack/matestack-ui-core/app/concepts/matestack/ui/core/collection/filter/filter.rb": [
        1,
        1,
        null,
        1,
        0,
        null,
        null,
        1,
        0,
        0,
        0,
        null,
        null,
        null,
        null,
        null,
        null
      ],
      "/home/jonas/projects/matestack/matestack-ui-core/app/concepts/matestack/ui/core/collection/content/content.rb": [
        1,
        1,
        null,
        1,
        0,
        0,
        null,
        null,
        1,
        0,
        0,
        0,
        null,
        null,
        null,
        null,
        null,
        null
      ],
      "/home/jonas/projects/matestack/matestack-ui-core/app/concepts/matestack/ui/core/collection/order/toggle/toggle.rb": [
        1,
        1,
        null,
        null,
        null
      ],
      "/home/jonas/projects/matestack/matestack-ui-core/app/concepts/matestack/ui/core/collection/filter/input/input.rb": [
        1,
        1,
        null,
        1,
        0,
        null,
        null,
        null,
        null,
        null,
        null,
        null,
        null,
        null,
        null,
        1,
        0,
        null,
        null,
        1,
        0,
        null,
        null,
        null,
        null
      ],
      "/home/jonas/projects/matestack/matestack-ui-core/app/concepts/matestack/ui/core/collection/filter/reset/reset.rb": [
        1,
        1,
        null,
        null,
        null
      ],
      "/home/jonas/projects/matestack/matestack-ui-core/app/concepts/matestack/ui/core/collection/filter/submit/submit.rb": [
        1,
        1,
        null,
        null,
        null
      ],
      "/home/jonas/projects/matestack/matestack-ui-core/app/concepts/matestack/ui/core/collection/content/previous/previous.rb": [
        1,
        1,
        null,
        null,
        null
      ],
      "/home/jonas/projects/matestack/matestack-ui-core/app/concepts/matestack/ui/core/collection/content/next/next.rb": [
        1,
        1,
        null,
        null,
        null
      ],
      "/home/jonas/projects/matestack/matestack-ui-core/app/concepts/matestack/ui/core/collection/order/toggle/indicator/indicator.rb": [
        1,
        1,
        null,
        1,
        0,
        0,
        0,
        null,
        null,
        null,
        null,
        null,
        null
      ],
      "/home/jonas/projects/matestack/matestack-ui-core/app/concepts/matestack/ui/core/collection/content/page/link/link.rb": [
        1,
        1,
        null,
        null,
        null
      ],
      "/home/jonas/projects/matestack/matestack-ui-core/app/lib/matestack/ui/page.rb": [
        1
      ],
      "/home/jonas/projects/matestack/matestack-ui-core/app/lib/matestack/ui/core/page_node.rb": [
        1,
        1,
        null,
        1,
        15,
        15,
        15,
        null,
        null,
        1,
        null,
        1,
        15,
        15,
        15,
        15,
        15,
        15,
        105,
        null,
        null,
        null,
        1,
        null,
        21,
        null,
        16,
        16,
        16,
        16,
        16,
        16,
        16,
        16,
        null,
        16,
        0,
        null,
        16,
        0,
        null,
        16,
        null,
        null,
        null,
        16,
        0,
        0,
        0,
        0,
        null,
        0,
        null,
        null,
        0,
        null,
        null,
        0,
        null,
        0,
        null,
        null,
        0,
        0,
        null,
        null,
        16,
        0,
        0,
        null,
        null,
        null,
        16,
        15,
        null,
        1,
        null,
        null,
        16,
        7,
        0,
        0,
        null,
        0,
        null,
        null,
        7,
        null,
        null,
        null,
        null,
        null,
        null,
        null,
        null,
        null
      ],
      "/home/jonas/projects/matestack/matestack-ui-core/app/lib/matestack/ui/app.rb": [
        1
      ],
      "/home/jonas/projects/matestack/matestack-ui-core/app/lib/matestack/ui/core/app_node.rb": [
        1,
        1,
        null,
        1,
        2,
        2,
        2,
        null,
        null,
        1,
        null,
        1,
        2,
        2,
        2,
        2,
        14,
        null,
        null,
        null,
        1,
        null,
        3,
        null,
        3,
        3,
        3,
        3,
        3,
        3,
        3,
        null,
        3,
        1,
        2,
        0,
        null,
        2,
        1,
        null,
        1,
        null,
        null,
        2,
        1,
        null,
        null,
        null,
        null,
        null,
        null,
        null,
        null
      ],
      "/home/jonas/projects/matestack/matestack-ui-core/app/lib/matestack/ui/core/component_node.rb": [
        0,
        0,
        null,
        0,
        0,
        0,
        0,
        0,
        null,
        0,
        null,
        0,
        0,
        0,
        0,
        0,
        0,
        0,
        0,
        0,
        null,
        0,
        0,
        0,
        0,
        0,
        0,
        0,
        0,
        0,
        0,
        0,
        0,
        null,
        0,
        0,
        0,
        null,
        0,
        0,
        0,
        0,
        0,
        0,
        0,
        0,
        0,
        0,
        0,
        null,
        0,
        0,
        0,
        0,
        0,
        0,
        0,
        0,
        0,
        null,
        0,
        0,
        0,
        null,
        0,
        0,
        0,
        0,
        null,
        0,
        null,
        0,
        0
      ],
      "/home/jonas/projects/matestack/matestack-ui-core/app/lib/matestack/ui/dynamic_component.rb": [
        0
      ],
      "/home/jonas/projects/matestack/matestack-ui-core/app/lib/matestack/ui/static_component.rb": [
        0
      ],
      "/home/jonas/projects/matestack/matestack-ui-core/lib/generators/matestack_app/matestack_app_generator.rb": [
        0,
        0,
        null,
        0,
        null,
        0,
        null,
        0,
        null,
        0,
        null,
        0,
        0,
        0,
        null,
        0,
        null,
        0,
        null,
        0,
        null,
        0,
        null,
        0,
        null,
        0
      ],
      "/home/jonas/projects/matestack/matestack-ui-core/lib/generators/matestack_component/matestack_component_generator.rb": [
        0,
        0,
        null,
        0,
        0,
        0,
        0,
        null,
        0,
        0,
        0,
        null,
        null,
        null,
        0,
        0,
        0,
        0,
        null,
        0,
        0,
        null,
        0,
        0,
        0,
        0,
        null,
        0,
        null,
        0
      ],
      "/home/jonas/projects/matestack/matestack-ui-core/lib/generators/matestack_page/matestack_page_generator.rb": [
        0,
        0,
        null,
        0,
        0,
        0,
        0,
        null,
        0,
        0,
        0,
        null,
        0,
        0,
        0,
        0,
        0,
        null,
        0,
        0,
        0,
        null,
        0,
        null,
        0,
        null,
        0,
        0,
        0,
        0,
        0,
        0,
        0,
        0,
        0,
        0,
        0,
        0,
        null,
        0,
        0
      ],
      "/home/jonas/projects/matestack/matestack-ui-core/lib/matestack/ui/core/version.rb": [
        0,
        0,
        0,
        0,
        0,
        0,
        0
      ]
    },
    "timestamp": 1571910206
  }
}
